<?xml version="1.0" encoding="UTF-8"?>
<testng-results skipped="0" failed="0" ignored="0" total="2" passed="2">
  <reporter-output>
  </reporter-output>
  <suite name="tester" duration-ms="28753" started-at="2020-08-27T12:43:53 EET" finished-at="2020-08-27T12:44:22 EET">
    <groups>
    </groups>
    <test name="TestNG tests" duration-ms="28753" started-at="2020-08-27T12:43:53 EET" finished-at="2020-08-27T12:44:22 EET">
      <class name="tester.TestingNGTest">
        <test-method status="PASS" signature="setUp()[pri:0, instance:tester.TestingNGTest@2344fc66]" name="setUp" is-config="true" duration-ms="4019" started-at="2020-08-27T12:43:53 EET" finished-at="2020-08-27T12:43:57 EET">
          <reporter-output>
          </reporter-output>
        </test-method> <!-- setUp -->
        <test-method status="PASS" signature="validateRegister()[pri:1, instance:tester.TestingNGTest@2344fc66]" name="validateRegister" duration-ms="11298" started-at="2020-08-27T12:43:57 EET" finished-at="2020-08-27T12:44:08 EET">
          <reporter-output>
          </reporter-output>
        </test-method> <!-- validateRegister -->
        <test-method status="PASS" signature="tearDown(org.testng.ITestResult)[pri:0, instance:tester.TestingNGTest@2344fc66]" name="tearDown" is-config="true" duration-ms="57" started-at="2020-08-27T12:44:08 EET" finished-at="2020-08-27T12:44:08 EET">
          <params>
            <param index="0">
              <value>
                <![CDATA[[TestResult name=validateRegister status=SUCCESS method=TestingNGTest.validateRegister()[pri:1, instance:tester.TestingNGTest@2344fc66] output={null}]]]>
              </value>
            </param>
          </params>
          <reporter-output>
          </reporter-output>
        </test-method> <!-- tearDown -->
        <test-method status="PASS" signature="setUp()[pri:0, instance:tester.TestingNGTest@2344fc66]" name="setUp" is-config="true" duration-ms="3312" started-at="2020-08-27T12:44:08 EET" finished-at="2020-08-27T12:44:11 EET">
          <reporter-output>
          </reporter-output>
        </test-method> <!-- setUp -->
        <test-method status="PASS" signature="validateLogin()[pri:2, instance:tester.TestingNGTest@2344fc66]" name="validateLogin" duration-ms="9948" started-at="2020-08-27T12:44:11 EET" finished-at="2020-08-27T12:44:21 EET">
          <reporter-output>
          </reporter-output>
        </test-method> <!-- validateLogin -->
        <test-method status="PASS" signature="tearDown(org.testng.ITestResult)[pri:0, instance:tester.TestingNGTest@2344fc66]" name="tearDown" is-config="true" duration-ms="73" started-at="2020-08-27T12:44:21 EET" finished-at="2020-08-27T12:44:22 EET">
          <params>
            <param index="0">
              <value>
                <![CDATA[[TestResult name=validateLogin status=SUCCESS method=TestingNGTest.validateLogin()[pri:2, instance:tester.TestingNGTest@2344fc66] output={null}]]]>
              </value>
            </param>
          </params>
          <reporter-output>
          </reporter-output>
        </test-method> <!-- tearDown -->
      </class> <!-- tester.TestingNGTest -->
    </test> <!-- TestNG tests -->
  </suite> <!-- tester -->
</testng-results>
